\BOOKMARK [1][-]{section*.1}{\376\377\000\247\0001\000.\0001\000\040\000N\000a\000m\000n}{}% 1
\BOOKMARK [1][-]{section*.2}{\376\377\000\247\0001\000.\0002\000\040\000S\000\344\000t\000e}{}% 2
\BOOKMARK [1][-]{section*.3}{\376\377\000\247\0001\000.\0003\000\040\000S\000y\000f\000t\000e}{}% 3
\BOOKMARK [1][-]{section*.4}{\376\377\000\247\0001\000.\0004\000\040\000O\000b\000e\000r\000o\000e\000n\000d\000e\000\040\000o\000c\000h\000\040\000o\000r\000g\000a\000n\000i\000s\000a\000t\000i\000o\000n}{}% 4
\BOOKMARK [1][-]{section*.5}{\376\377\000\247\0001\000.\0005\000\040\000U\000p\000p\000l\000\366\000s\000n\000i\000n\000g}{}% 5
\BOOKMARK [1][-]{section*.6}{\376\377\000\247\0002\000.\0001\000\040\000M\000e\000d\000l\000e\000m\000s\000k\000a\000p}{}% 6
\BOOKMARK [1][-]{section*.7}{\376\377\000\247\0002\000.\0002\000\040\000M\000e\000d\000l\000e\000m\000s\000a\000v\000g\000i\000f\000t}{}% 7
\BOOKMARK [1][-]{section*.8}{\376\377\000\247\0002\000.\0003\000\040\000M\000e\000d\000l\000e\000m\000m\000a\000r}{}% 8
\BOOKMARK [1][-]{section*.9}{\376\377\000\247\0002\000.\0003\000.\0001\000\040\000U\000n\000d\000a\000n\000t\000a\000g}{}% 9
\BOOKMARK [1][-]{section*.10}{\376\377\000\247\0002\000.\0004\000\040\000U\000t\000e\000s\000l\000u\000t\000a\000n\000d\000e\000\040\000a\000v\000\040\000m\000e\000d\000l\000e\000m}{}% 10
\BOOKMARK [1][-]{section*.11}{\376\377\000\247\0003\000.\0001\000\040\000V\000e\000r\000k\000s\000a\000m\000h\000e\000t\000s\000\345\000r}{}% 11
\BOOKMARK [1][-]{section*.12}{\376\377\000\247\0003\000.\0002\000\040\000S\000t\000o\000r\000m\000\366\000t\000e}{}% 12
\BOOKMARK [1][-]{section*.13}{\376\377\000\247\0003\000.\0002\000.\0001\000\040\000F\000\366\000r\000e\000d\000r\000a\000g\000n\000i\000n\000g\000s\000l\000i\000s\000t\000a}{}% 13
\BOOKMARK [1][-]{section*.14}{\376\377\000\247\0003\000.\0002\000.\0002\000\040\000M\000o\000t\000i\000o\000n\000e\000r}{}% 14
\BOOKMARK [1][-]{section*.15}{\376\377\000\247\0003\000.\0002\000.\0003\000\040\000B\000e\000s\000l\000u\000t}{}% 15
\BOOKMARK [1][-]{section*.16}{\376\377\000\247\0003\000.\0002\000.\0004\000\040\000A\000d\000j\000u\000n\000g\000e\000r\000i\000n\000g}{}% 16
\BOOKMARK [1][-]{section*.17}{\376\377\000\247\0003\000.\0002\000.\0005\000\040\000P\000r\000o\000t\000o\000k\000o\000l\000l}{}% 17
\BOOKMARK [1][-]{section*.18}{\376\377\000\247\0003\000.\0002\000.\0006\000\040\000J\000u\000s\000t\000e\000r\000i\000n\000g\000\040\000a\000v\000\040\000p\000r\000o\000t\000o\000k\000o\000l\000l}{}% 18
\BOOKMARK [1][-]{section*.19}{\376\377\000\247\0003\000.\0003\000\040\000T\000e\000r\000m\000i\000n\000s\000m\000\366\000t\000e}{}% 19
\BOOKMARK [1][-]{section*.20}{\376\377\000\247\0003\000.\0003\000.\0001\000\040\000E\000x\000t\000r\000a\000\040\000s\000t\000o\000r\000m\000\366\000t\000e}{}% 20
\BOOKMARK [1][-]{section*.21}{\376\377\000\247\0003\000.\0004\000\040\000S\000t\000y\000r\000d\000o\000k\000u\000m\000e\000n\000t}{}% 21
\BOOKMARK [1][-]{section*.22}{\376\377\000\247\0003\000.\0004\000.\0001\000\040\000T\000o\000l\000k\000n\000i\000n\000g\000s\000f\000r\000\345\000g\000o\000r}{}% 22
\BOOKMARK [1][-]{section*.23}{\376\377\000\247\0003\000.\0005\000\040\000E\000n\000t\000l\000e\000d\000i\000g\000a\000n\000d\000e}{}% 23
\BOOKMARK [1][-]{section*.24}{\376\377\000\247\0004\000\040\000S\000t\000y\000r\000e\000l\000s\000e\000n}{}% 24
\BOOKMARK [1][-]{section*.25}{\376\377\000\247\0004\000.\0001\000\040\000R\000\344\000t\000t\000i\000g\000h\000e\000t\000e\000r\000\040\000o\000c\000h\000\040\000s\000k\000y\000l\000d\000i\000g\000h\000e\000t\000e\000r}{}% 25
\BOOKMARK [1][-]{section*.26}{\376\377\000\247\0004\000.\0002\000\040\000S\000t\000y\000r\000e\000l\000s\000e\000m\000\366\000t\000e\000n}{}% 26
\BOOKMARK [1][-]{section*.27}{\376\377\000\247\0004\000.\0002\000.\0001\000\040\000A\000d\000j\000u\000n\000g\000e\000r\000i\000n\000g}{}% 27
\BOOKMARK [1][-]{section*.28}{\376\377\000\247\0004\000.\0003\000\040\000P\000r\000o\000t\000o\000k\000o\000l\000l}{}% 28
\BOOKMARK [1][-]{section*.29}{\376\377\000\247\0004\000.\0004\000\040\000F\000i\000r\000m\000a\000t\000e\000c\000k\000n\000i\000n\000g}{}% 29
\BOOKMARK [1][-]{section*.30}{\376\377\000\247\0005\000\040\000R\000e\000v\000i\000s\000i\000o\000n}{}% 30
\BOOKMARK [1][-]{section*.31}{\376\377\000\247\0005\000.\0001\000\040\000\305\000l\000i\000g\000g\000a\000n\000d\000e\000n}{}% 31
\BOOKMARK [1][-]{section*.32}{\376\377\000\247\0005\000.\0002\000\040\000H\000a\000n\000d\000l\000i\000n\000g\000a\000r}{}% 32
